<?xml version="1.0" encoding="UTF-8"?>
<!-- Generated by org.testng.reporters.JUnitReportReporter -->
<testsuite hostname="DESKTOP-3O9T5AI" failures="0" tests="1" name="jasonproject.TestJason" time="0.030" errors="0" timestamp="2022-09-21T18:26:32 IST" skipped="0">
  <testcase classname="jasonproject.TestJason" name="DemoTest" time="0.030"/>
  <system-out/>
</testsuite> <!-- jasonproject.TestJason -->
